manifest-merger-arm-release-report.txt
-- Merging decision tree log ---
manifest
ADDED from AndroidManifest.xml:22:1
	xmlns:android
		ADDED from AndroidManifest.xml:22:11
	package
		ADDED from AndroidManifest.xml:23:11
		INJECTED from AndroidManifest.xml:0:0
		INJECTED from AndroidManifest.xml:0:0
	android:versionName
		INJECTED from AndroidManifest.xml:0:0
		INJECTED from AndroidManifest.xml:0:0
	android:versionCode
		INJECTED from AndroidManifest.xml:0:0
		INJECTED from AndroidManifest.xml:0:0
uses-permission#android.permission.INTERNET
ADDED from AndroidManifest.xml:25:5
MERGED from com.uservoice:uservoice-android-sdk:1.1.3:11:5
	android:name
		ADDED from AndroidManifest.xml:25:22
uses-permission#android.permission.WAKE_LOCK
ADDED from AndroidManifest.xml:26:5
	android:name
		ADDED from AndroidManifest.xml:26:22
uses-permission#android.permission.READ_PHONE_STATE
ADDED from AndroidManifest.xml:27:5
	android:name
		ADDED from AndroidManifest.xml:27:22
uses-permission#android.permission.READ_LOGS
ADDED from AndroidManifest.xml:28:5
	android:name
		ADDED from AndroidManifest.xml:28:22
uses-permission#android.permission.GET_ACCOUNTS
ADDED from AndroidManifest.xml:29:5
	android:name
		ADDED from AndroidManifest.xml:29:22
uses-permission#android.permission.AUTHENTICATE_ACCOUNTS
ADDED from AndroidManifest.xml:30:5
	android:name
		ADDED from AndroidManifest.xml:30:22
uses-permission#android.permission.MANAGE_ACCOUNTS
ADDED from AndroidManifest.xml:31:5
	android:name
		ADDED from AndroidManifest.xml:31:22
uses-permission#android.permission.USE_CREDENTIALS
ADDED from AndroidManifest.xml:32:5
	android:name
		ADDED from AndroidManifest.xml:32:22
uses-permission#android.permission.ACCESS_NETWORK_STATE
ADDED from AndroidManifest.xml:33:5
	android:name
		ADDED from AndroidManifest.xml:33:22
uses-permission#android.permission.READ_EXTERNAL_STORAGE
ADDED from AndroidManifest.xml:34:5
	android:name
		ADDED from AndroidManifest.xml:34:22
uses-permission#android.permission.WRITE_EXTERNAL_STORAGE
ADDED from AndroidManifest.xml:35:5
	android:name
		ADDED from AndroidManifest.xml:35:22
uses-permission#android.permission.RECEIVE_BOOT_COMPLETED
ADDED from AndroidManifest.xml:36:5
	android:name
		ADDED from AndroidManifest.xml:36:22
supports-screens
ADDED from AndroidManifest.xml:38:5
	android:largeScreens
		ADDED from AndroidManifest.xml:40:13
	android:anyDensity
		ADDED from AndroidManifest.xml:39:13
	android:normalScreens
		ADDED from AndroidManifest.xml:41:13
	android:xlargeScreens
		ADDED from AndroidManifest.xml:43:13
	android:smallScreens
		ADDED from AndroidManifest.xml:42:13
application
ADDED from AndroidManifest.xml:45:5
MERGED from com.android.support:appcompat-v7:21.0.3:16:5
MERGED from com.android.support:support-v4:21.0.3:16:5
MERGED from com.android.support:support-v4:21.0.3:16:5
MERGED from com.android.support:support-v4:21.0.3:16:5
MERGED from com.github.castorflex.smoothprogressbar:library:1.0.0:12:5
MERGED from com.sothree.slidinguppanel:library:2.0.3:9:5
MERGED from com.android.support:support-v4:21.0.3:16:5
MERGED from com.android.support:appcompat-v7:21.0.3:16:5
MERGED from com.android.support:support-v4:21.0.3:16:5
MERGED from com.uservoice:uservoice-android-sdk:1.1.3:13:5
	android:label
		ADDED from AndroidManifest.xml:48:13
	android:allowBackup
		ADDED from AndroidManifest.xml:49:13
	android:icon
		ADDED from AndroidManifest.xml:47:13
	android:theme
		ADDED from AndroidManifest.xml:50:13
	android:name
		ADDED from AndroidManifest.xml:46:13
activity#org.tomahawk.tomahawk_android.activities.TomahawkMainActivity
ADDED from AndroidManifest.xml:52:9
	android:windowSoftInputMode
		ADDED from AndroidManifest.xml:56:17
	android:label
		ADDED from AndroidManifest.xml:54:17
	android:theme
		ADDED from AndroidManifest.xml:57:17
	android:name
		ADDED from AndroidManifest.xml:53:17
	android:launchMode
		ADDED from AndroidManifest.xml:55:17
intent-filter#android.intent.action.MAIN+android.intent.category.LAUNCHER
ADDED from AndroidManifest.xml:58:13
action#android.intent.action.MAIN
ADDED from AndroidManifest.xml:59:17
	android:name
		ADDED from AndroidManifest.xml:59:25
category#android.intent.category.LAUNCHER
ADDED from AndroidManifest.xml:61:17
	android:name
		ADDED from AndroidManifest.xml:61:27
intent-filter#android.intent.action.VIEW+android.intent.category.APP_MUSIC+android.intent.category.BROWSABLE+android.intent.category.DEFAULT
ADDED from AndroidManifest.xml:63:13
action#android.intent.action.VIEW
ADDED from AndroidManifest.xml:64:17
	android:name
		ADDED from AndroidManifest.xml:64:25
category#android.intent.category.DEFAULT
ADDED from AndroidManifest.xml:65:17
	android:name
		ADDED from AndroidManifest.xml:65:27
category#android.intent.category.BROWSABLE
ADDED from AndroidManifest.xml:66:17
	android:name
		ADDED from AndroidManifest.xml:66:27
category#android.intent.category.APP_MUSIC
ADDED from AndroidManifest.xml:67:17
	android:name
		ADDED from AndroidManifest.xml:67:27
data
ADDED from AndroidManifest.xml:68:17
	android:scheme
		ADDED from AndroidManifest.xml:68:23
activity#com.rdio.android.api.OAuth1WebViewActivity
ADDED from AndroidManifest.xml:488:9
	android:name
		ADDED from AndroidManifest.xml:488:19
activity#org.tomahawk.tomahawk_android.activities.AskAccessActivity
ADDED from AndroidManifest.xml:490:9
	android:name
		ADDED from AndroidManifest.xml:490:19
service#org.tomahawk.tomahawk_android.services.PlaybackService
ADDED from AndroidManifest.xml:492:9
	android:exported
		ADDED from AndroidManifest.xml:495:17
	android:stopWithTask
		ADDED from AndroidManifest.xml:494:17
	android:name
		ADDED from AndroidManifest.xml:493:17
intent-filter#org.tomahawk.tomahawk_android.ACTION_EXIT+org.tomahawk.tomahawk_android.ACTION_NEXT+org.tomahawk.tomahawk_android.ACTION_PAUSE+org.tomahawk.tomahawk_android.ACTION_PLAY+org.tomahawk.tomahawk_android.ACTION_PLAYPAUSE+org.tomahawk.tomahawk_android.ACTION_PREVIOUS
ADDED from AndroidManifest.xml:496:13
action#org.tomahawk.tomahawk_android.ACTION_PLAYPAUSE
ADDED from AndroidManifest.xml:497:17
	android:name
		ADDED from AndroidManifest.xml:497:25
action#org.tomahawk.tomahawk_android.ACTION_PLAY
ADDED from AndroidManifest.xml:498:17
	android:name
		ADDED from AndroidManifest.xml:498:25
action#org.tomahawk.tomahawk_android.ACTION_PAUSE
ADDED from AndroidManifest.xml:499:17
	android:name
		ADDED from AndroidManifest.xml:499:25
action#org.tomahawk.tomahawk_android.ACTION_NEXT
ADDED from AndroidManifest.xml:500:17
	android:name
		ADDED from AndroidManifest.xml:500:25
action#org.tomahawk.tomahawk_android.ACTION_PREVIOUS
ADDED from AndroidManifest.xml:501:17
	android:name
		ADDED from AndroidManifest.xml:501:25
action#org.tomahawk.tomahawk_android.ACTION_EXIT
ADDED from AndroidManifest.xml:502:17
	android:name
		ADDED from AndroidManifest.xml:502:25
receiver#org.tomahawk.tomahawk_android.utils.MediaButtonReceiver
ADDED from AndroidManifest.xml:506:9
	android:name
		ADDED from AndroidManifest.xml:506:19
intent-filter#android.intent.action.MEDIA_BUTTON+android.media.AUDIO_BECOMING_NOISY
ADDED from AndroidManifest.xml:507:13
action#android.intent.action.MEDIA_BUTTON
ADDED from AndroidManifest.xml:508:17
	android:name
		ADDED from AndroidManifest.xml:508:25
action#android.media.AUDIO_BECOMING_NOISY
ADDED from AndroidManifest.xml:509:17
	android:name
		ADDED from AndroidManifest.xml:509:25
service#org.tomahawk.tomahawk_android.services.SpotifyService
ADDED from AndroidManifest.xml:513:9
	android:process
		ADDED from AndroidManifest.xml:516:17
	android:stopWithTask
		ADDED from AndroidManifest.xml:515:17
	android:name
		ADDED from AndroidManifest.xml:514:17
service#org.tomahawk.libtomahawk.authentication.TomahawkAuthenticator$HatchetAuthenticationService
ADDED from AndroidManifest.xml:519:9
	android:name
		ADDED from AndroidManifest.xml:520:17
intent-filter#android.accounts.AccountAuthenticator
ADDED from AndroidManifest.xml:522:13
action#android.accounts.AccountAuthenticator
ADDED from AndroidManifest.xml:523:17
	android:name
		ADDED from AndroidManifest.xml:523:25
meta-data#android.accounts.AccountAuthenticator
ADDED from AndroidManifest.xml:526:13
	android:resource
		ADDED from AndroidManifest.xml:527:24
	android:name
		ADDED from AndroidManifest.xml:526:24
service#org.tomahawk.tomahawk_android.services.RemoteControllerService
ADDED from AndroidManifest.xml:530:9
	android:label
		ADDED from AndroidManifest.xml:531:18
	android:enabled
		ADDED from AndroidManifest.xml:533:18
	android:permission
		ADDED from AndroidManifest.xml:532:18
	android:name
		ADDED from AndroidManifest.xml:530:18
intent-filter#android.service.notification.NotificationListenerService
ADDED from AndroidManifest.xml:534:13
action#android.service.notification.NotificationListenerService
ADDED from AndroidManifest.xml:535:17
	android:name
		ADDED from AndroidManifest.xml:535:25
service#org.tomahawk.tomahawk_android.services.MicroService
ADDED from AndroidManifest.xml:539:9
	android:exported
		ADDED from AndroidManifest.xml:542:17
	android:enabled
		ADDED from AndroidManifest.xml:541:17
	android:name
		ADDED from AndroidManifest.xml:540:17
intent-filter#org.tomahawk.tomahawk_android.authenticate+org.tomahawk.tomahawk_android.clearcreds+org.tomahawk.tomahawk_android.justscrobble+org.tomahawk.tomahawk_android.playstatechanged
ADDED from AndroidManifest.xml:543:13
action#org.tomahawk.tomahawk_android.playstatechanged
ADDED from AndroidManifest.xml:544:17
	android:name
		ADDED from AndroidManifest.xml:544:25
action#org.tomahawk.tomahawk_android.authenticate
ADDED from AndroidManifest.xml:545:17
	android:name
		ADDED from AndroidManifest.xml:545:25
action#org.tomahawk.tomahawk_android.clearcreds
ADDED from AndroidManifest.xml:546:17
	android:name
		ADDED from AndroidManifest.xml:546:25
action#org.tomahawk.tomahawk_android.justscrobble
ADDED from AndroidManifest.xml:547:17
	android:name
		ADDED from AndroidManifest.xml:547:25
receiver#org.tomahawk.tomahawk_android.receiver.BootCompletedReceiver
ADDED from AndroidManifest.xml:551:9
	android:name
		ADDED from AndroidManifest.xml:551:19
intent-filter#android.intent.action.ACTION_EXTERNAL_APPLICATIONS_AVAILABLE+android.intent.action.BOOT_COMPLETED+android.intent.action.QUICKBOOT_POWERON
ADDED from AndroidManifest.xml:552:13
action#android.intent.action.BOOT_COMPLETED
ADDED from AndroidManifest.xml:553:17
	android:name
		ADDED from AndroidManifest.xml:553:25
action#android.intent.action.ACTION_EXTERNAL_APPLICATIONS_AVAILABLE
ADDED from AndroidManifest.xml:554:17
	android:name
		ADDED from AndroidManifest.xml:554:25
action#android.intent.action.QUICKBOOT_POWERON
ADDED from AndroidManifest.xml:555:17
	android:name
		ADDED from AndroidManifest.xml:555:25
receiver#org.tomahawk.tomahawk_android.receiver.AndroidMusicReceiver
ADDED from AndroidManifest.xml:559:9
	android:exported
		ADDED from AndroidManifest.xml:561:17
	android:enabled
		ADDED from AndroidManifest.xml:562:17
	android:name
		ADDED from AndroidManifest.xml:560:17
intent-filter#com.android.music.metachanged+com.android.music.playbackcomplete+com.android.music.playstatechanged
ADDED from AndroidManifest.xml:563:13
action#com.android.music.metachanged
ADDED from AndroidManifest.xml:564:17
	android:name
		ADDED from AndroidManifest.xml:564:25
action#com.android.music.playstatechanged
ADDED from AndroidManifest.xml:565:17
	android:name
		ADDED from AndroidManifest.xml:565:25
action#com.android.music.playbackcomplete
ADDED from AndroidManifest.xml:566:17
	android:name
		ADDED from AndroidManifest.xml:566:25
receiver#org.tomahawk.tomahawk_android.receiver.AndroidMusicJRTStudioBuildReceiver
ADDED from AndroidManifest.xml:570:9
	android:exported
		ADDED from AndroidManifest.xml:572:17
	android:enabled
		ADDED from AndroidManifest.xml:573:17
	android:name
		ADDED from AndroidManifest.xml:571:17
intent-filter#com.jrtstudio.music.metachanged+com.jrtstudio.music.playbackcomplete+com.jrtstudio.music.playstatechanged
ADDED from AndroidManifest.xml:574:13
action#com.jrtstudio.music.metachanged
ADDED from AndroidManifest.xml:575:17
	android:name
		ADDED from AndroidManifest.xml:575:25
action#com.jrtstudio.music.playstatechanged
ADDED from AndroidManifest.xml:576:17
	android:name
		ADDED from AndroidManifest.xml:576:25
action#com.jrtstudio.music.playbackcomplete
ADDED from AndroidManifest.xml:577:17
	android:name
		ADDED from AndroidManifest.xml:577:25
receiver#org.tomahawk.tomahawk_android.receiver.HeroMusicReceiver
ADDED from AndroidManifest.xml:581:9
	android:exported
		ADDED from AndroidManifest.xml:583:17
	android:enabled
		ADDED from AndroidManifest.xml:584:17
	android:name
		ADDED from AndroidManifest.xml:582:17
intent-filter#com.htc.music.metachanged+com.htc.music.playbackcomplete+com.htc.music.playstatechanged
ADDED from AndroidManifest.xml:585:13
action#com.htc.music.metachanged
ADDED from AndroidManifest.xml:586:17
	android:name
		ADDED from AndroidManifest.xml:586:25
action#com.htc.music.playbackcomplete
ADDED from AndroidManifest.xml:587:17
	android:name
		ADDED from AndroidManifest.xml:587:25
action#com.htc.music.playstatechanged
ADDED from AndroidManifest.xml:588:17
	android:name
		ADDED from AndroidManifest.xml:588:25
receiver#org.tomahawk.tomahawk_android.receiver.WinampMusicReceiver
ADDED from AndroidManifest.xml:592:9
	android:exported
		ADDED from AndroidManifest.xml:594:17
	android:enabled
		ADDED from AndroidManifest.xml:595:17
	android:name
		ADDED from AndroidManifest.xml:593:17
intent-filter#com.nullsoft.winamp.metachanged+com.nullsoft.winamp.playbackcomplete+com.nullsoft.winamp.playstatechanged
ADDED from AndroidManifest.xml:596:13
action#com.nullsoft.winamp.metachanged
ADDED from AndroidManifest.xml:597:17
	android:name
		ADDED from AndroidManifest.xml:597:25
action#com.nullsoft.winamp.playbackcomplete
ADDED from AndroidManifest.xml:598:17
	android:name
		ADDED from AndroidManifest.xml:598:25
action#com.nullsoft.winamp.playstatechanged
ADDED from AndroidManifest.xml:599:17
	android:name
		ADDED from AndroidManifest.xml:599:25
receiver#org.tomahawk.tomahawk_android.receiver.MyTouch4GMusicReceiver
ADDED from AndroidManifest.xml:603:9
	android:exported
		ADDED from AndroidManifest.xml:605:17
	android:enabled
		ADDED from AndroidManifest.xml:606:17
	android:name
		ADDED from AndroidManifest.xml:604:17
intent-filter#com.real.IMP.metachanged+com.real.IMP.playbackcomplete+com.real.IMP.playstatechanged
ADDED from AndroidManifest.xml:607:13
action#com.real.IMP.metachanged
ADDED from AndroidManifest.xml:608:17
	android:name
		ADDED from AndroidManifest.xml:608:25
action#com.real.IMP.playbackcomplete
ADDED from AndroidManifest.xml:610:17
	android:name
		ADDED from AndroidManifest.xml:610:25
action#com.real.IMP.playstatechanged
ADDED from AndroidManifest.xml:611:17
	android:name
		ADDED from AndroidManifest.xml:611:25
receiver#org.tomahawk.tomahawk_android.receiver.MIUIMusicReceiver
ADDED from AndroidManifest.xml:615:9
	android:exported
		ADDED from AndroidManifest.xml:618:17
	android:enabled
		ADDED from AndroidManifest.xml:617:17
	android:name
		ADDED from AndroidManifest.xml:616:17
intent-filter#com.miui.player.metachanged+com.miui.player.playbackcomplete+com.miui.player.playstatechanged
ADDED from AndroidManifest.xml:619:13
action#com.miui.player.metachanged
ADDED from AndroidManifest.xml:620:17
	android:name
		ADDED from AndroidManifest.xml:620:25
action#com.miui.player.playstatechanged
ADDED from AndroidManifest.xml:621:17
	android:name
		ADDED from AndroidManifest.xml:621:25
action#com.miui.player.playbackcomplete
ADDED from AndroidManifest.xml:622:17
	android:name
		ADDED from AndroidManifest.xml:622:25
receiver#org.tomahawk.tomahawk_android.receiver.SEMCMusicReceiver
ADDED from AndroidManifest.xml:626:9
	android:exported
		ADDED from AndroidManifest.xml:629:17
	android:enabled
		ADDED from AndroidManifest.xml:628:17
	android:name
		ADDED from AndroidManifest.xml:627:17
intent-filter#com.sonyericsson.music.TRACK_COMPLETED+com.sonyericsson.music.metachanged+com.sonyericsson.music.playbackcomplete+com.sonyericsson.music.playbackcontrol.ACTION_PAUSED+com.sonyericsson.music.playbackcontrol.ACTION_PLAYBACK_PAUSE+com.sonyericsson.music.playbackcontrol.ACTION_PLAYBACK_PLAY+com.sonyericsson.music.playbackcontrol.ACTION_TRACK_STARTED+com.sonyericsson.music.playstatechanged
ADDED from AndroidManifest.xml:630:13
action#com.sonyericsson.music.playbackcontrol.ACTION_PLAYBACK_PLAY
ADDED from AndroidManifest.xml:631:17
	android:name
		ADDED from AndroidManifest.xml:632:25
action#com.sonyericsson.music.playbackcontrol.ACTION_PLAYBACK_PAUSE
ADDED from AndroidManifest.xml:633:17
	android:name
		ADDED from AndroidManifest.xml:634:25
action#com.sonyericsson.music.TRACK_COMPLETED
ADDED from AndroidManifest.xml:635:17
	android:name
		ADDED from AndroidManifest.xml:635:25
action#com.sonyericsson.music.metachanged
ADDED from AndroidManifest.xml:636:17
	android:name
		ADDED from AndroidManifest.xml:636:25
action#com.sonyericsson.music.playbackcomplete
ADDED from AndroidManifest.xml:637:17
	android:name
		ADDED from AndroidManifest.xml:637:25
action#com.sonyericsson.music.playstatechanged
ADDED from AndroidManifest.xml:638:17
	android:name
		ADDED from AndroidManifest.xml:638:25
action#com.sonyericsson.music.playbackcontrol.ACTION_TRACK_STARTED
ADDED from AndroidManifest.xml:641:17
	android:name
		ADDED from AndroidManifest.xml:641:25
action#com.sonyericsson.music.playbackcontrol.ACTION_PAUSED
ADDED from AndroidManifest.xml:642:17
	android:name
		ADDED from AndroidManifest.xml:642:25
receiver#org.tomahawk.tomahawk_android.receiver.RdioMusicReceiver
ADDED from AndroidManifest.xml:646:9
	android:exported
		ADDED from AndroidManifest.xml:649:17
	android:enabled
		ADDED from AndroidManifest.xml:648:17
	android:name
		ADDED from AndroidManifest.xml:647:17
intent-filter#com.rdio.android.metachanged+com.rdio.android.playstatechanged
ADDED from AndroidManifest.xml:650:13
action#com.rdio.android.playstatechanged
ADDED from AndroidManifest.xml:651:17
	android:name
		ADDED from AndroidManifest.xml:651:25
action#com.rdio.android.metachanged
ADDED from AndroidManifest.xml:652:17
	android:name
		ADDED from AndroidManifest.xml:652:25
receiver#org.tomahawk.tomahawk_android.receiver.SamsungMusicReceiver
ADDED from AndroidManifest.xml:656:9
	android:exported
		ADDED from AndroidManifest.xml:658:17
	android:enabled
		ADDED from AndroidManifest.xml:659:17
	android:name
		ADDED from AndroidManifest.xml:657:17
intent-filter#com.samsung.MusicPlayer.metachanged+com.samsung.MusicPlayer.playbackcomplete+com.samsung.MusicPlayer.playstatechanged+com.samsung.music.metachanged+com.samsung.music.playbackcomplete+com.samsung.music.playstatechanged+com.samsung.sec.android.MusicPlayer.metachanged+com.samsung.sec.android.MusicPlayer.playbackcomplete+com.samsung.sec.android.MusicPlayer.playstatechanged+com.samsung.sec.android.metachanged+com.samsung.sec.android.playbackcomplete+com.samsung.sec.android.playstatechanged+com.samsung.sec.metachanged+com.samsung.sec.playbackcomplete+com.samsung.sec.playstatechanged
ADDED from AndroidManifest.xml:661:13
action#com.samsung.sec.android.MusicPlayer.metachanged
ADDED from AndroidManifest.xml:662:17
	android:name
		ADDED from AndroidManifest.xml:663:25
action#com.samsung.sec.android.MusicPlayer.playbackcomplete
ADDED from AndroidManifest.xml:664:17
	android:name
		ADDED from AndroidManifest.xml:665:25
action#com.samsung.sec.android.MusicPlayer.playstatechanged
ADDED from AndroidManifest.xml:666:17
	android:name
		ADDED from AndroidManifest.xml:667:25
action#com.samsung.music.metachanged
ADDED from AndroidManifest.xml:668:17
	android:name
		ADDED from AndroidManifest.xml:668:25
action#com.samsung.music.playbackcomplete
ADDED from AndroidManifest.xml:669:17
	android:name
		ADDED from AndroidManifest.xml:669:25
action#com.samsung.music.playstatechanged
ADDED from AndroidManifest.xml:670:17
	android:name
		ADDED from AndroidManifest.xml:670:25
action#com.samsung.sec.metachanged
ADDED from AndroidManifest.xml:671:17
	android:name
		ADDED from AndroidManifest.xml:671:25
action#com.samsung.sec.playbackcomplete
ADDED from AndroidManifest.xml:672:17
	android:name
		ADDED from AndroidManifest.xml:672:25
action#com.samsung.sec.playstatechanged
ADDED from AndroidManifest.xml:673:17
	android:name
		ADDED from AndroidManifest.xml:673:25
action#com.samsung.sec.android.metachanged
ADDED from AndroidManifest.xml:674:17
	android:name
		ADDED from AndroidManifest.xml:674:25
action#com.samsung.sec.android.playbackcomplete
ADDED from AndroidManifest.xml:675:17
	android:name
		ADDED from AndroidManifest.xml:675:25
action#com.samsung.sec.android.playstatechanged
ADDED from AndroidManifest.xml:676:17
	android:name
		ADDED from AndroidManifest.xml:676:25
action#com.samsung.MusicPlayer.metachanged
ADDED from AndroidManifest.xml:677:17
	android:name
		ADDED from AndroidManifest.xml:677:25
action#com.samsung.MusicPlayer.playbackcomplete
ADDED from AndroidManifest.xml:678:17
	android:name
		ADDED from AndroidManifest.xml:678:25
action#com.samsung.MusicPlayer.playstatechanged
ADDED from AndroidManifest.xml:679:17
	android:name
		ADDED from AndroidManifest.xml:679:25
receiver#org.tomahawk.tomahawk_android.receiver.ScrobbleDroidMusicReceiver
ADDED from AndroidManifest.xml:683:9
	android:exported
		ADDED from AndroidManifest.xml:685:17
	android:enabled
		ADDED from AndroidManifest.xml:686:17
	android:name
		ADDED from AndroidManifest.xml:684:17
intent-filter#net.jjc1138.android.scrobbler.action.MUSIC_STATUS
ADDED from AndroidManifest.xml:687:13
action#net.jjc1138.android.scrobbler.action.MUSIC_STATUS
ADDED from AndroidManifest.xml:688:17
	android:name
		ADDED from AndroidManifest.xml:689:25
receiver#org.tomahawk.tomahawk_android.receiver.SLSAPIReceiver
ADDED from AndroidManifest.xml:693:9
	android:exported
		ADDED from AndroidManifest.xml:695:17
	android:enabled
		ADDED from AndroidManifest.xml:696:17
	android:name
		ADDED from AndroidManifest.xml:694:17
intent-filter#com.adam.aslfms.notify.playstatechanged
ADDED from AndroidManifest.xml:697:13
action#com.adam.aslfms.notify.playstatechanged
ADDED from AndroidManifest.xml:698:17
	android:name
		ADDED from AndroidManifest.xml:698:25
receiver#org.tomahawk.tomahawk_android.receiver.SpotifyReceiver
ADDED from AndroidManifest.xml:702:9
	android:exported
		ADDED from AndroidManifest.xml:704:17
	android:enabled
		ADDED from AndroidManifest.xml:705:17
	android:name
		ADDED from AndroidManifest.xml:703:17
intent-filter#com.spotify.mobile.android.metadatachanged+com.spotify.mobile.android.playbackstatechanged
ADDED from AndroidManifest.xml:706:13
action#com.spotify.mobile.android.metadatachanged
ADDED from AndroidManifest.xml:707:17
	android:name
		ADDED from AndroidManifest.xml:707:25
action#com.spotify.mobile.android.playbackstatechanged
ADDED from AndroidManifest.xml:708:17
	android:name
		ADDED from AndroidManifest.xml:708:25
receiver#org.tomahawk.tomahawk_android.receiver.LgOptimus4xReceiver
ADDED from AndroidManifest.xml:712:9
	android:exported
		ADDED from AndroidManifest.xml:714:17
	android:enabled
		ADDED from AndroidManifest.xml:715:17
	android:name
		ADDED from AndroidManifest.xml:713:17
intent-filter#com.lge.music.endofplayback+com.lge.music.metachanged+com.lge.music.playstatechanged
ADDED from AndroidManifest.xml:716:13
action#com.lge.music.metachanged
ADDED from AndroidManifest.xml:717:17
	android:name
		ADDED from AndroidManifest.xml:717:25
action#com.lge.music.playstatechanged
ADDED from AndroidManifest.xml:718:17
	android:name
		ADDED from AndroidManifest.xml:718:25
action#com.lge.music.endofplayback
ADDED from AndroidManifest.xml:719:17
	android:name
		ADDED from AndroidManifest.xml:719:25
receiver#org.tomahawk.tomahawk_android.receiver.PlayerProReceiver
ADDED from AndroidManifest.xml:723:9
	android:exported
		ADDED from AndroidManifest.xml:725:17
	android:enabled
		ADDED from AndroidManifest.xml:726:17
	android:name
		ADDED from AndroidManifest.xml:724:17
intent-filter#com.tbig.playerpro.metachanged+com.tbig.playerpro.playbackcomplete+com.tbig.playerpro.playstatechanged
ADDED from AndroidManifest.xml:727:13
action#com.tbig.playerpro.playstatechanged
ADDED from AndroidManifest.xml:728:17
	android:name
		ADDED from AndroidManifest.xml:728:25
action#com.tbig.playerpro.metachanged
ADDED from AndroidManifest.xml:729:17
	android:name
		ADDED from AndroidManifest.xml:729:25
action#com.tbig.playerpro.playbackcomplete
ADDED from AndroidManifest.xml:730:17
	android:name
		ADDED from AndroidManifest.xml:730:25
receiver#org.tomahawk.tomahawk_android.receiver.PlayerProTrialReceiver
ADDED from AndroidManifest.xml:734:9
	android:exported
		ADDED from AndroidManifest.xml:736:17
	android:enabled
		ADDED from AndroidManifest.xml:737:17
	android:name
		ADDED from AndroidManifest.xml:735:17
intent-filter#com.tbig.playerprotrial.metachanged+com.tbig.playerprotrial.playbackcomplete+com.tbig.playerprotrial.playstatechanged
ADDED from AndroidManifest.xml:738:13
action#com.tbig.playerprotrial.playstatechanged
ADDED from AndroidManifest.xml:739:17
	android:name
		ADDED from AndroidManifest.xml:739:25
action#com.tbig.playerprotrial.metachanged
ADDED from AndroidManifest.xml:740:17
	android:name
		ADDED from AndroidManifest.xml:740:25
action#com.tbig.playerprotrial.playbackcomplete
ADDED from AndroidManifest.xml:741:17
	android:name
		ADDED from AndroidManifest.xml:741:25
receiver#org.tomahawk.tomahawk_android.receiver.DoubleTwistReceiver
ADDED from AndroidManifest.xml:745:9
	android:exported
		ADDED from AndroidManifest.xml:747:17
	android:enabled
		ADDED from AndroidManifest.xml:748:17
	android:name
		ADDED from AndroidManifest.xml:746:17
intent-filter#com.doubleTwist.androidPlayer.metachanged+com.doubleTwist.androidPlayer.playbackcomplete+com.doubleTwist.androidPlayer.playstatechanged
ADDED from AndroidManifest.xml:749:13
action#com.doubleTwist.androidPlayer.playstatechanged
ADDED from AndroidManifest.xml:750:17
	android:name
		ADDED from AndroidManifest.xml:750:25
action#com.doubleTwist.androidPlayer.metachanged
ADDED from AndroidManifest.xml:751:17
	android:name
		ADDED from AndroidManifest.xml:751:25
action#com.doubleTwist.androidPlayer.playbackcomplete
ADDED from AndroidManifest.xml:752:17
	android:name
		ADDED from AndroidManifest.xml:752:25
receiver#org.tomahawk.tomahawk_android.receiver.RocketPlayerReceiver
ADDED from AndroidManifest.xml:756:9
	android:exported
		ADDED from AndroidManifest.xml:758:17
	android:enabled
		ADDED from AndroidManifest.xml:759:17
	android:name
		ADDED from AndroidManifest.xml:757:17
intent-filter#com.jrtstudio.AnotherMusicPlayer.metachanged+com.jrtstudio.AnotherMusicPlayer.playbackcomplete+com.jrtstudio.AnotherMusicPlayer.playstatechanged
ADDED from AndroidManifest.xml:760:13
action#com.jrtstudio.AnotherMusicPlayer.playstatechanged
ADDED from AndroidManifest.xml:761:17
	android:name
		ADDED from AndroidManifest.xml:761:25
action#com.jrtstudio.AnotherMusicPlayer.metachanged
ADDED from AndroidManifest.xml:762:17
	android:name
		ADDED from AndroidManifest.xml:762:25
action#com.jrtstudio.AnotherMusicPlayer.playbackcomplete
ADDED from AndroidManifest.xml:763:17
	android:name
		ADDED from AndroidManifest.xml:763:25
activity#org.acra.CrashReportDialog
ADDED from AndroidManifest.xml:767:9
	android:excludeFromRecents
		ADDED from AndroidManifest.xml:769:19
	android:name
		ADDED from AndroidManifest.xml:767:19
	android:finishOnTaskLaunch
		ADDED from AndroidManifest.xml:770:19
	android:launchMode
		ADDED from AndroidManifest.xml:768:19
meta-data#com.crashlytics.ApiKey
ADDED from AndroidManifest.xml:771:9
	android:name
		ADDED from AndroidManifest.xml:771:20
	android:value
		ADDED from AndroidManifest.xml:771:58
uses-sdk
INJECTED from AndroidManifest.xml:0:0 reason: use-sdk injection requested
MERGED from com.android.support:multidex:1.0.0:18:5
MERGED from com.android.support:appcompat-v7:21.0.3:15:5
MERGED from com.android.support:support-v4:21.0.3:15:5
MERGED from com.android.support:support-v4:21.0.3:15:5
MERGED from se.emilsjolander:stickylistheaders:2.4.1:7:5
MERGED from com.github.castorflex.verticalviewpager:library:19.0.0:3:5
MERGED from com.android.support:support-v4:21.0.3:15:5
MERGED from com.github.castorflex.smoothprogressbar:library:1.0.0:8:5
MERGED from de.mrmaffen:vlc-android-sdk:1.0.4:8:5
MERGED from de.mrmaffen:rdio-android-sdk:1.0.0:2:5
MERGED from de.mrmaffen:deezer-android-sdk:1.0.0:2:5
MERGED from de.mrmaffen:holocircularprogressbar:1.0.1:7:5
MERGED from com.sothree.slidinguppanel:library:2.0.3:7:5
MERGED from com.android.support:support-v4:21.0.3:15:5
MERGED from com.android.support:appcompat-v7:21.0.3:15:5
MERGED from com.android.support:support-v4:21.0.3:15:5
MERGED from com.uservoice:uservoice-android-sdk:1.1.3:7:5
	android:targetSdkVersion
		INJECTED from AndroidManifest.xml:0:0
		INJECTED from AndroidManifest.xml:0:0
	android:minSdkVersion
		INJECTED from AndroidManifest.xml:0:0
		INJECTED from AndroidManifest.xml:0:0
	tools:ignore
		ADDED from de.mrmaffen:holocircularprogressbar:1.0.1:10:9
activity#com.uservoice.uservoicesdk.activity.PortalActivity
ADDED from com.uservoice:uservoice-android-sdk:1.1.3:14:9
	android:name
		ADDED from com.uservoice:uservoice-android-sdk:1.1.3:14:19
activity#com.uservoice.uservoicesdk.activity.ForumActivity
ADDED from com.uservoice:uservoice-android-sdk:1.1.3:15:9
	android:name
		ADDED from com.uservoice:uservoice-android-sdk:1.1.3:15:19
activity#com.uservoice.uservoicesdk.activity.ArticleActivity
ADDED from com.uservoice:uservoice-android-sdk:1.1.3:16:9
	android:name
		ADDED from com.uservoice:uservoice-android-sdk:1.1.3:16:19
activity#com.uservoice.uservoicesdk.activity.TopicActivity
ADDED from com.uservoice:uservoice-android-sdk:1.1.3:17:9
	android:name
		ADDED from com.uservoice:uservoice-android-sdk:1.1.3:17:19
activity#com.uservoice.uservoicesdk.activity.ContactActivity
ADDED from com.uservoice:uservoice-android-sdk:1.1.3:18:9
	android:configChanges
		ADDED from com.uservoice:uservoice-android-sdk:1.1.3:20:13
	android:name
		ADDED from com.uservoice:uservoice-android-sdk:1.1.3:19:13